Flow report for slaveFIFO2b_streamOUT
Mon Oct 27 16:03:16 2014
Quartus II 32-bit Version 13.0.1 Build 232 06/12/2013 Service Pack 1 SJ Web Edition


---------------------
; Table of Contents ;
---------------------
  1. Legal Notice
  2. Flow Summary
  3. Flow Settings
  4. Flow Non-Default Global Settings
  5. Flow Elapsed Time
  6. Flow OS Summary
  7. Flow Log
  8. Flow Messages
  9. Flow Suppressed Messages



----------------
; Legal Notice ;
----------------
Copyright (C) 1991-2013 Altera Corporation
Your use of Altera Corporation's design tools, logic functions 
and other software and tools, and its AMPP partner logic 
functions, and any output files from any of the foregoing 
(including device programming or simulation files), and any 
associated documentation or information are expressly subject 
to the terms and conditions of the Altera Program License 
Subscription Agreement, Altera MegaCore Function License 
Agreement, or other applicable license agreement, including, 
without limitation, that your use is for the sole purpose of 
programming logic devices manufactured by Altera and sold by 
Altera or its authorized distributors.  Please refer to the 
applicable agreement for further details.



+--------------------------------------------------------------------------------------+
; Flow Summary                                                                         ;
+------------------------------------+-------------------------------------------------+
; Flow Status                        ; Successful - Mon Oct 27 16:03:15 2014           ;
; Quartus II 32-bit Version          ; 13.0.1 Build 232 06/12/2013 SP 1 SJ Web Edition ;
; Revision Name                      ; slaveFIFO2b_streamOUT                           ;
; Top-level Entity Name              ; slaveFIFO2b_streamOUT                           ;
; Family                             ; Cyclone III                                     ;
; Device                             ; EP3C25F324C6                                    ;
; Timing Models                      ; Final                                           ;
; Total logic elements               ; 12 / 24,624 ( < 1 % )                           ;
;     Total combinational functions  ; 12 / 24,624 ( < 1 % )                           ;
;     Dedicated logic registers      ; 9 / 24,624 ( < 1 % )                            ;
; Total registers                    ; 13                                              ;
; Total pins                         ; 49 / 216 ( 23 % )                               ;
; Total virtual pins                 ; 0                                               ;
; Total memory bits                  ; 0 / 608,256 ( 0 % )                             ;
; Embedded Multiplier 9-bit elements ; 0 / 132 ( 0 % )                                 ;
; Total PLLs                         ; 1 / 4 ( 25 % )                                  ;
+------------------------------------+-------------------------------------------------+


+-------------------------------------------+
; Flow Settings                             ;
+-------------------+-----------------------+
; Option            ; Setting               ;
+-------------------+-----------------------+
; Start date & time ; 10/27/2014 16:01:48   ;
; Main task         ; Compilation           ;
; Revision Name     ; slaveFIFO2b_streamOUT ;
+-------------------+-----------------------+


+----------------------------------------------------------------------------------------------------------------------------+
; Flow Non-Default Global Settings                                                                                           ;
+-------------------------------------+---------------------------------------+---------------+-------------+----------------+
; Assignment Name                     ; Value                                 ; Default Value ; Entity Name ; Section Id     ;
+-------------------------------------+---------------------------------------+---------------+-------------+----------------+
; COMPILER_SIGNATURE_ID               ; 158659948010922.141440590704624       ; --            ; --          ; --             ;
; EDA_OUTPUT_DATA_FORMAT              ; Vhdl                                  ; --            ; --          ; eda_simulation ;
; EDA_SIMULATION_TOOL                 ; ModelSim-Altera (VHDL)                ; <None>        ; --          ; --             ;
; MAX_CORE_JUNCTION_TEMP              ; 85                                    ; --            ; --          ; --             ;
; MIN_CORE_JUNCTION_TEMP              ; 0                                     ; --            ; --          ; --             ;
; NOMINAL_CORE_SUPPLY_VOLTAGE         ; 1.2V                                  ; --            ; --          ; --             ;
; PARTITION_COLOR                     ; 16764057                              ; --            ; --          ; Top            ;
; PARTITION_FITTER_PRESERVATION_LEVEL ; PLACEMENT_AND_ROUTING                 ; --            ; --          ; Top            ;
; PARTITION_NETLIST_TYPE              ; SOURCE                                ; --            ; --          ; Top            ;
; POWER_BOARD_THERMAL_MODEL           ; None (CONSERVATIVE)                   ; --            ; --          ; --             ;
; POWER_PRESET_COOLING_SOLUTION       ; 23 MM HEAT SINK WITH 200 LFPM AIRFLOW ; --            ; --          ; --             ;
; PROJECT_OUTPUT_DIRECTORY            ; output_files                          ; --            ; --          ; --             ;
+-------------------------------------+---------------------------------------+---------------+-------------+----------------+


+-------------------------------------------------------------------------------------------------------------------------------+
; Flow Elapsed Time                                                                                                             ;
+---------------------------+--------------+-------------------------+---------------------+------------------------------------+
; Module Name               ; Elapsed Time ; Average Processors Used ; Peak Virtual Memory ; Total CPU Time (on all processors) ;
+---------------------------+--------------+-------------------------+---------------------+------------------------------------+
; Analysis & Synthesis      ; 00:00:18     ; 1.0                     ; 367 MB              ; 00:00:05                           ;
; Fitter                    ; 00:00:37     ; 1.0                     ; 498 MB              ; 00:00:15                           ;
; Assembler                 ; 00:00:06     ; 1.0                     ; 317 MB              ; 00:00:04                           ;
; TimeQuest Timing Analyzer ; 00:00:08     ; 1.0                     ; 346 MB              ; 00:00:04                           ;
; EDA Netlist Writer        ; 00:00:03     ; 1.0                     ; 289 MB              ; 00:00:02                           ;
; Total                     ; 00:01:12     ; --                      ; --                  ; 00:00:30                           ;
+---------------------------+--------------+-------------------------+---------------------+------------------------------------+


+----------------------------------------------------------------------------------------+
; Flow OS Summary                                                                        ;
+---------------------------+------------------+-----------+------------+----------------+
; Module Name               ; Machine Hostname ; OS Name   ; OS Version ; Processor type ;
+---------------------------+------------------+-----------+------------+----------------+
; Analysis & Synthesis      ; LAPWIN7-AMDK     ; Windows 7 ; 6.1        ; i686           ;
; Fitter                    ; LAPWIN7-AMDK     ; Windows 7 ; 6.1        ; i686           ;
; Assembler                 ; LAPWIN7-AMDK     ; Windows 7 ; 6.1        ; i686           ;
; TimeQuest Timing Analyzer ; LAPWIN7-AMDK     ; Windows 7 ; 6.1        ; i686           ;
; EDA Netlist Writer        ; LAPWIN7-AMDK     ; Windows 7 ; 6.1        ; i686           ;
+---------------------------+------------------+-----------+------------+----------------+


------------
; Flow Log ;
------------
quartus_map --read_settings_files=on --write_settings_files=off slaveFIFO2b_streamOUT -c slaveFIFO2b_streamOUT
quartus_fit --read_settings_files=off --write_settings_files=off slaveFIFO2b_streamOUT -c slaveFIFO2b_streamOUT
quartus_asm --read_settings_files=off --write_settings_files=off slaveFIFO2b_streamOUT -c slaveFIFO2b_streamOUT
quartus_sta slaveFIFO2b_streamOUT -c slaveFIFO2b_streamOUT
quartus_eda --read_settings_files=off --write_settings_files=off slaveFIFO2b_streamOUT -c slaveFIFO2b_streamOUT



